0 info it worked if it ends with ok
1 verbose cli [ 'C:\\Program Files\\nodejs\\node.exe',
1 verbose cli   'C:\\Users\\c5228090\\AppData\\Roaming\\npm\\node_modules\\npm\\bin\\npm-cli.js',
1 verbose cli   'publish' ]
2 info using npm@3.10.5
3 info using node@v4.4.7
4 verbose publish [ '.' ]
5 silly cache add args [ '.', null ]
6 verbose cache add spec .
7 silly cache add parsed spec Result {
7 silly cache add   raw: '.',
7 silly cache add   scope: null,
7 silly cache add   escapedName: null,
7 silly cache add   name: null,
7 silly cache add   rawSpec: '.',
7 silly cache add   spec: 'C:\\Users\\c5228090\\Desktop\\starwar1-names',
7 silly cache add   type: 'directory' }
8 verbose addLocalDirectory C:\Users\c5228090\AppData\Roaming\npm-cache\starwar1-names\1.0.0\package.tgz not in flight; packing
9 verbose correctMkdir C:\Users\c5228090\AppData\Roaming\npm-cache correctMkdir not in flight; initializing
10 info lifecycle starwar1-names@1.0.0~prepublish: starwar1-names@1.0.0
11 silly lifecycle starwar1-names@1.0.0~prepublish: no script for prepublish, continuing
12 verbose tar pack [ 'C:\\Users\\c5228090\\AppData\\Roaming\\npm-cache\\starwar1-names\\1.0.0\\package.tgz',
12 verbose tar pack   'C:\\Users\\c5228090\\Desktop\\starwar1-names' ]
13 verbose tarball C:\Users\c5228090\AppData\Roaming\npm-cache\starwar1-names\1.0.0\package.tgz
14 verbose folder C:\Users\c5228090\Desktop\starwar1-names
15 verbose addLocalTarball adding from inside cache C:\Users\c5228090\AppData\Roaming\npm-cache\starwar1-names\1.0.0\package.tgz
16 verbose correctMkdir C:\Users\c5228090\AppData\Roaming\npm-cache correctMkdir not in flight; initializing
17 silly cache afterAdd starwar1-names@1.0.0
18 verbose afterAdd C:\Users\c5228090\AppData\Roaming\npm-cache\starwar1-names\1.0.0\package\package.json not in flight; writing
19 verbose correctMkdir C:\Users\c5228090\AppData\Roaming\npm-cache correctMkdir not in flight; initializing
20 verbose afterAdd C:\Users\c5228090\AppData\Roaming\npm-cache\starwar1-names\1.0.0\package\package.json written
21 silly publish { name: 'starwar1-names',
21 silly publish   version: '1.0.0',
21 silly publish   description: 'Get random Star Wars names',
21 silly publish   main: ' reqiure(\u001b[D\u001b[D\u001b[D\u001b[\u001b[C\u001b[C\u001b[\u001b[C\u001b[C\u001b src/index.js',
21 silly publish   scripts: { test: 'echo "Error: no test specified" && exit 1' },
21 silly publish   repository:
21 silly publish    { type: 'git',
21 silly publish      url: 'git+https://github.com/sirana123/starwars-names.git' },
21 silly publish   keywords: [ 'star', 'wars' ],
21 silly publish   author:
21 silly publish    { name: 'siranahareesh',
21 silly publish      email: 'shareesh78@gmail.com',
21 silly publish      url: 'http://siarnaharessh.com/' },
21 silly publish   license: 'MIT',
21 silly publish   bugs: { url: 'https://github.com/sirana123/starwars-names/issues' },
21 silly publish   homepage: 'https://github.com/sirana123/starwars-names#readme',
21 silly publish   dependencies: { 'unique-random-array': '1.0.0' },
21 silly publish   readme: '# starwars-names\n',
21 silly publish   readmeFilename: 'README.md',
21 silly publish   gitHead: '95da9ab4a565730aa6f1d05ee1f9f5f0da0c57de',
21 silly publish   _id: 'starwar1-names@1.0.0',
21 silly publish   _shasum: 'bca2e86ff64ebf731b4b07e9ccbee7bac18d2e34',
21 silly publish   _from: '.' }
22 verbose getPublishConfig undefined
23 silly mapToRegistry name starwar1-names
24 silly mapToRegistry using default registry
25 silly mapToRegistry registry https://registry.npmjs.org/
26 silly mapToRegistry data Result {
26 silly mapToRegistry   raw: 'starwar1-names',
26 silly mapToRegistry   scope: null,
26 silly mapToRegistry   escapedName: 'starwar1-names',
26 silly mapToRegistry   name: 'starwar1-names',
26 silly mapToRegistry   rawSpec: '',
26 silly mapToRegistry   spec: 'latest',
26 silly mapToRegistry   type: 'tag' }
27 silly mapToRegistry uri https://registry.npmjs.org/starwar1-names
28 verbose publish registryBase https://registry.npmjs.org/
29 silly publish uploading C:\Users\c5228090\AppData\Roaming\npm-cache\starwar1-names\1.0.0\package.tgz
30 verbose request uri https://registry.npmjs.org/starwar1-names
31 verbose request sending authorization for write operation
32 info attempt registry request try #1 at 10:14:43 AM
33 verbose request using bearer token for auth
34 verbose request id 2c479c8807cd5dc4
35 http request PUT https://registry.npmjs.org/starwar1-names
36 http 403 https://registry.npmjs.org/starwar1-names
37 verbose headers { 'content-type': 'application/json',
37 verbose headers   'cache-control': 'max-age=300',
37 verbose headers   'content-length': '95',
37 verbose headers   'accept-ranges': 'bytes',
37 verbose headers   date: 'Sat, 22 Oct 2016 04:44:45 GMT',
37 verbose headers   via: '1.1 varnish',
37 verbose headers   connection: 'keep-alive',
37 verbose headers   'x-served-by': 'cache-sin6924-SIN',
37 verbose headers   'x-cache': 'MISS',
37 verbose headers   'x-cache-hits': '0',
37 verbose headers   'x-timer': 'S1477111484.308172,VS0,VE846',
37 verbose headers   vary: 'Accept-Encoding' }
38 verbose request invalidating C:\Users\c5228090\AppData\Roaming\npm-cache\registry.npmjs.org\starwar1-names on PUT
39 error publish Failed PUT 403
40 verbose stack Error: "You cannot publish over the previously published version 1.0.0." : starwar1-names
40 verbose stack     at makeError (C:\Users\c5228090\AppData\Roaming\npm\node_modules\npm\node_modules\npm-registry-client\lib\request.js:264:12)
40 verbose stack     at CachingRegistryClient.<anonymous> (C:\Users\c5228090\AppData\Roaming\npm\node_modules\npm\node_modules\npm-registry-client\lib\request.js:252:14)
40 verbose stack     at Request._callback (C:\Users\c5228090\AppData\Roaming\npm\node_modules\npm\node_modules\npm-registry-client\lib\request.js:172:14)
40 verbose stack     at Request.self.callback (C:\Users\c5228090\AppData\Roaming\npm\node_modules\npm\node_modules\request\request.js:200:22)
40 verbose stack     at emitTwo (events.js:87:13)
40 verbose stack     at Request.emit (events.js:172:7)
40 verbose stack     at Request.<anonymous> (C:\Users\c5228090\AppData\Roaming\npm\node_modules\npm\node_modules\request\request.js:1067:10)
40 verbose stack     at emitOne (events.js:82:20)
40 verbose stack     at Request.emit (events.js:169:7)
40 verbose stack     at IncomingMessage.<anonymous> (C:\Users\c5228090\AppData\Roaming\npm\node_modules\npm\node_modules\request\request.js:988:12)
41 verbose statusCode 403
42 verbose pkgid starwar1-names
43 verbose cwd C:\Users\c5228090\Desktop\starwar1-names
44 error Windows_NT 10.0.10586
45 error argv "C:\\Program Files\\nodejs\\node.exe" "C:\\Users\\c5228090\\AppData\\Roaming\\npm\\node_modules\\npm\\bin\\npm-cli.js" "publish"
46 error node v4.4.7
47 error npm  v3.10.5
48 error code E403
49 error "You cannot publish over the previously published version 1.0.0." : starwar1-names
50 error If you need help, you may report this error at:
50 error     <https://github.com/npm/npm/issues>
51 verbose exit [ 1, true ]
